<?xml version="1.0" encoding="UTF-8"?>
<testsuite xmlns:xsi="http://www.w3.org/2001/XMLSchema-instance" xsi:noNamespaceSchemaLocation="https://maven.apache.org/surefire/maven-surefire-plugin/xsd/surefire-test-report-3.0.xsd" version="3.0" name="TestSuite" time="27.951" tests="3" errors="0" skipped="0" failures="1">
  <properties>
    <property name="java.specification.version" value="21"/>
    <property name="sun.cpu.isalist" value="amd64"/>
    <property name="sun.jnu.encoding" value="Cp1252"/>
    <property name="java.class.path" value="D:\demos\hyperexecute\appium01\hyperexecute-appium-testng\target\test-classes;D:\demos\hyperexecute\appium01\hyperexecute-appium-testng\target\classes;C:\Users\amitwalia\.m2\repository\org\seleniumhq\selenium\selenium-java\3.141.59\selenium-java-3.141.59.jar;C:\Users\amitwalia\.m2\repository\org\seleniumhq\selenium\selenium-api\3.141.59\selenium-api-3.141.59.jar;C:\Users\amitwalia\.m2\repository\org\seleniumhq\selenium\selenium-chrome-driver\3.141.59\selenium-chrome-driver-3.141.59.jar;C:\Users\amitwalia\.m2\repository\org\seleniumhq\selenium\selenium-edge-driver\3.141.59\selenium-edge-driver-3.141.59.jar;C:\Users\amitwalia\.m2\repository\org\seleniumhq\selenium\selenium-firefox-driver\3.141.59\selenium-firefox-driver-3.141.59.jar;C:\Users\amitwalia\.m2\repository\org\seleniumhq\selenium\selenium-ie-driver\3.141.59\selenium-ie-driver-3.141.59.jar;C:\Users\amitwalia\.m2\repository\org\seleniumhq\selenium\selenium-opera-driver\3.141.59\selenium-opera-driver-3.141.59.jar;C:\Users\amitwalia\.m2\repository\org\seleniumhq\selenium\selenium-remote-driver\3.141.59\selenium-remote-driver-3.141.59.jar;C:\Users\amitwalia\.m2\repository\org\seleniumhq\selenium\selenium-safari-driver\3.141.59\selenium-safari-driver-3.141.59.jar;C:\Users\amitwalia\.m2\repository\org\seleniumhq\selenium\selenium-support\3.141.59\selenium-support-3.141.59.jar;C:\Users\amitwalia\.m2\repository\net\bytebuddy\byte-buddy\1.8.15\byte-buddy-1.8.15.jar;C:\Users\amitwalia\.m2\repository\org\apache\commons\commons-exec\1.3\commons-exec-1.3.jar;C:\Users\amitwalia\.m2\repository\com\google\guava\guava\25.0-jre\guava-25.0-jre.jar;C:\Users\amitwalia\.m2\repository\com\google\code\findbugs\jsr305\1.3.9\jsr305-1.3.9.jar;C:\Users\amitwalia\.m2\repository\org\checkerframework\checker-compat-qual\2.0.0\checker-compat-qual-2.0.0.jar;C:\Users\amitwalia\.m2\repository\com\google\errorprone\error_prone_annotations\2.1.3\error_prone_annotations-2.1.3.jar;C:\Users\amitwalia\.m2\repository\com\google\j2objc\j2objc-annotations\1.1\j2objc-annotations-1.1.jar;C:\Users\amitwalia\.m2\repository\org\codehaus\mojo\animal-sniffer-annotations\1.14\animal-sniffer-annotations-1.14.jar;C:\Users\amitwalia\.m2\repository\com\squareup\okhttp3\okhttp\3.11.0\okhttp-3.11.0.jar;C:\Users\amitwalia\.m2\repository\com\squareup\okio\okio\1.14.0\okio-1.14.0.jar;C:\Users\amitwalia\.m2\repository\io\appium\java-client\7.6.0\java-client-7.6.0.jar;C:\Users\amitwalia\.m2\repository\com\google\code\gson\gson\2.8.8\gson-2.8.8.jar;C:\Users\amitwalia\.m2\repository\org\apache\httpcomponents\httpclient\4.5.13\httpclient-4.5.13.jar;C:\Users\amitwalia\.m2\repository\org\apache\httpcomponents\httpcore\4.4.13\httpcore-4.4.13.jar;C:\Users\amitwalia\.m2\repository\commons-logging\commons-logging\1.2\commons-logging-1.2.jar;C:\Users\amitwalia\.m2\repository\commons-codec\commons-codec\1.11\commons-codec-1.11.jar;C:\Users\amitwalia\.m2\repository\cglib\cglib\3.3.0\cglib-3.3.0.jar;C:\Users\amitwalia\.m2\repository\org\ow2\asm\asm\7.1\asm-7.1.jar;C:\Users\amitwalia\.m2\repository\commons-validator\commons-validator\1.7\commons-validator-1.7.jar;C:\Users\amitwalia\.m2\repository\commons-beanutils\commons-beanutils\1.9.4\commons-beanutils-1.9.4.jar;C:\Users\amitwalia\.m2\repository\commons-digester\commons-digester\2.1\commons-digester-2.1.jar;C:\Users\amitwalia\.m2\repository\commons-collections\commons-collections\3.2.2\commons-collections-3.2.2.jar;C:\Users\amitwalia\.m2\repository\org\apache\commons\commons-lang3\3.12.0\commons-lang3-3.12.0.jar;C:\Users\amitwalia\.m2\repository\commons-io\commons-io\2.11.0\commons-io-2.11.0.jar;C:\Users\amitwalia\.m2\repository\org\springframework\spring-context\5.3.10\spring-context-5.3.10.jar;C:\Users\amitwalia\.m2\repository\org\springframework\spring-aop\5.3.10\spring-aop-5.3.10.jar;C:\Users\amitwalia\.m2\repository\org\springframework\spring-beans\5.3.10\spring-beans-5.3.10.jar;C:\Users\amitwalia\.m2\repository\org\springframework\spring-core\5.3.10\spring-core-5.3.10.jar;C:\Users\amitwalia\.m2\repository\org\springframework\spring-jcl\5.3.10\spring-jcl-5.3.10.jar;C:\Users\amitwalia\.m2\repository\org\springframework\spring-expression\5.3.10\spring-expression-5.3.10.jar;C:\Users\amitwalia\.m2\repository\org\aspectj\aspectjweaver\1.9.7\aspectjweaver-1.9.7.jar;C:\Users\amitwalia\.m2\repository\org\slf4j\slf4j-api\1.7.32\slf4j-api-1.7.32.jar;C:\Users\amitwalia\.m2\repository\org\testng\testng\7.4.0\testng-7.4.0.jar;C:\Users\amitwalia\.m2\repository\com\beust\jcommander\1.78\jcommander-1.78.jar;C:\Users\amitwalia\.m2\repository\org\webjars\jquery\3.5.1\jquery-3.5.1.jar;C:\Users\amitwalia\.m2\repository\com\mashape\unirest\unirest-java\1.4.9\unirest-java-1.4.9.jar;C:\Users\amitwalia\.m2\repository\org\apache\httpcomponents\httpasyncclient\4.1.1\httpasyncclient-4.1.1.jar;C:\Users\amitwalia\.m2\repository\org\apache\httpcomponents\httpcore-nio\4.4.4\httpcore-nio-4.4.4.jar;C:\Users\amitwalia\.m2\repository\org\apache\httpcomponents\httpmime\4.5.2\httpmime-4.5.2.jar;C:\Users\amitwalia\.m2\repository\org\webjars\npm\xmlhttprequest-ssl\2.0.0\xmlhttprequest-ssl-2.0.0.jar;C:\Users\amitwalia\.m2\repository\org\json\json\20211205\json-20211205.jar;"/>
    <property name="java.vm.vendor" value="Oracle Corporation"/>
    <property name="sun.arch.data.model" value="64"/>
    <property name="user.variant" value=""/>
    <property name="java.vendor.url" value="https://java.oracle.com/"/>
    <property name="user.timezone" value="Asia/Calcutta"/>
    <property name="os.name" value="Windows 11"/>
    <property name="java.vm.specification.version" value="21"/>
    <property name="sun.java.launcher" value="SUN_STANDARD"/>
    <property name="user.country" value="IN"/>
    <property name="sun.boot.library.path" value="C:\Program Files\Java\jdk-21\bin"/>
    <property name="sun.java.command" value="C:\Users\amitwalia\AppData\Local\Temp\surefire17566848953718343410\surefirebooter17968671750715014969.jar C:\Users\amitwalia\AppData\Local\Temp\surefire17566848953718343410 2024-12-12T13-24-37_698-jvmRun1 surefire939181360611224584tmp surefire_03641003041132451829tmp"/>
    <property name="jdk.debug" value="release"/>
    <property name="surefire.test.class.path" value="D:\demos\hyperexecute\appium01\hyperexecute-appium-testng\target\test-classes;D:\demos\hyperexecute\appium01\hyperexecute-appium-testng\target\classes;C:\Users\amitwalia\.m2\repository\org\seleniumhq\selenium\selenium-java\3.141.59\selenium-java-3.141.59.jar;C:\Users\amitwalia\.m2\repository\org\seleniumhq\selenium\selenium-api\3.141.59\selenium-api-3.141.59.jar;C:\Users\amitwalia\.m2\repository\org\seleniumhq\selenium\selenium-chrome-driver\3.141.59\selenium-chrome-driver-3.141.59.jar;C:\Users\amitwalia\.m2\repository\org\seleniumhq\selenium\selenium-edge-driver\3.141.59\selenium-edge-driver-3.141.59.jar;C:\Users\amitwalia\.m2\repository\org\seleniumhq\selenium\selenium-firefox-driver\3.141.59\selenium-firefox-driver-3.141.59.jar;C:\Users\amitwalia\.m2\repository\org\seleniumhq\selenium\selenium-ie-driver\3.141.59\selenium-ie-driver-3.141.59.jar;C:\Users\amitwalia\.m2\repository\org\seleniumhq\selenium\selenium-opera-driver\3.141.59\selenium-opera-driver-3.141.59.jar;C:\Users\amitwalia\.m2\repository\org\seleniumhq\selenium\selenium-remote-driver\3.141.59\selenium-remote-driver-3.141.59.jar;C:\Users\amitwalia\.m2\repository\org\seleniumhq\selenium\selenium-safari-driver\3.141.59\selenium-safari-driver-3.141.59.jar;C:\Users\amitwalia\.m2\repository\org\seleniumhq\selenium\selenium-support\3.141.59\selenium-support-3.141.59.jar;C:\Users\amitwalia\.m2\repository\net\bytebuddy\byte-buddy\1.8.15\byte-buddy-1.8.15.jar;C:\Users\amitwalia\.m2\repository\org\apache\commons\commons-exec\1.3\commons-exec-1.3.jar;C:\Users\amitwalia\.m2\repository\com\google\guava\guava\25.0-jre\guava-25.0-jre.jar;C:\Users\amitwalia\.m2\repository\com\google\code\findbugs\jsr305\1.3.9\jsr305-1.3.9.jar;C:\Users\amitwalia\.m2\repository\org\checkerframework\checker-compat-qual\2.0.0\checker-compat-qual-2.0.0.jar;C:\Users\amitwalia\.m2\repository\com\google\errorprone\error_prone_annotations\2.1.3\error_prone_annotations-2.1.3.jar;C:\Users\amitwalia\.m2\repository\com\google\j2objc\j2objc-annotations\1.1\j2objc-annotations-1.1.jar;C:\Users\amitwalia\.m2\repository\org\codehaus\mojo\animal-sniffer-annotations\1.14\animal-sniffer-annotations-1.14.jar;C:\Users\amitwalia\.m2\repository\com\squareup\okhttp3\okhttp\3.11.0\okhttp-3.11.0.jar;C:\Users\amitwalia\.m2\repository\com\squareup\okio\okio\1.14.0\okio-1.14.0.jar;C:\Users\amitwalia\.m2\repository\io\appium\java-client\7.6.0\java-client-7.6.0.jar;C:\Users\amitwalia\.m2\repository\com\google\code\gson\gson\2.8.8\gson-2.8.8.jar;C:\Users\amitwalia\.m2\repository\org\apache\httpcomponents\httpclient\4.5.13\httpclient-4.5.13.jar;C:\Users\amitwalia\.m2\repository\org\apache\httpcomponents\httpcore\4.4.13\httpcore-4.4.13.jar;C:\Users\amitwalia\.m2\repository\commons-logging\commons-logging\1.2\commons-logging-1.2.jar;C:\Users\amitwalia\.m2\repository\commons-codec\commons-codec\1.11\commons-codec-1.11.jar;C:\Users\amitwalia\.m2\repository\cglib\cglib\3.3.0\cglib-3.3.0.jar;C:\Users\amitwalia\.m2\repository\org\ow2\asm\asm\7.1\asm-7.1.jar;C:\Users\amitwalia\.m2\repository\commons-validator\commons-validator\1.7\commons-validator-1.7.jar;C:\Users\amitwalia\.m2\repository\commons-beanutils\commons-beanutils\1.9.4\commons-beanutils-1.9.4.jar;C:\Users\amitwalia\.m2\repository\commons-digester\commons-digester\2.1\commons-digester-2.1.jar;C:\Users\amitwalia\.m2\repository\commons-collections\commons-collections\3.2.2\commons-collections-3.2.2.jar;C:\Users\amitwalia\.m2\repository\org\apache\commons\commons-lang3\3.12.0\commons-lang3-3.12.0.jar;C:\Users\amitwalia\.m2\repository\commons-io\commons-io\2.11.0\commons-io-2.11.0.jar;C:\Users\amitwalia\.m2\repository\org\springframework\spring-context\5.3.10\spring-context-5.3.10.jar;C:\Users\amitwalia\.m2\repository\org\springframework\spring-aop\5.3.10\spring-aop-5.3.10.jar;C:\Users\amitwalia\.m2\repository\org\springframework\spring-beans\5.3.10\spring-beans-5.3.10.jar;C:\Users\amitwalia\.m2\repository\org\springframework\spring-core\5.3.10\spring-core-5.3.10.jar;C:\Users\amitwalia\.m2\repository\org\springframework\spring-jcl\5.3.10\spring-jcl-5.3.10.jar;C:\Users\amitwalia\.m2\repository\org\springframework\spring-expression\5.3.10\spring-expression-5.3.10.jar;C:\Users\amitwalia\.m2\repository\org\aspectj\aspectjweaver\1.9.7\aspectjweaver-1.9.7.jar;C:\Users\amitwalia\.m2\repository\org\slf4j\slf4j-api\1.7.32\slf4j-api-1.7.32.jar;C:\Users\amitwalia\.m2\repository\org\testng\testng\7.4.0\testng-7.4.0.jar;C:\Users\amitwalia\.m2\repository\com\beust\jcommander\1.78\jcommander-1.78.jar;C:\Users\amitwalia\.m2\repository\org\webjars\jquery\3.5.1\jquery-3.5.1.jar;C:\Users\amitwalia\.m2\repository\com\mashape\unirest\unirest-java\1.4.9\unirest-java-1.4.9.jar;C:\Users\amitwalia\.m2\repository\org\apache\httpcomponents\httpasyncclient\4.1.1\httpasyncclient-4.1.1.jar;C:\Users\amitwalia\.m2\repository\org\apache\httpcomponents\httpcore-nio\4.4.4\httpcore-nio-4.4.4.jar;C:\Users\amitwalia\.m2\repository\org\apache\httpcomponents\httpmime\4.5.2\httpmime-4.5.2.jar;C:\Users\amitwalia\.m2\repository\org\webjars\npm\xmlhttprequest-ssl\2.0.0\xmlhttprequest-ssl-2.0.0.jar;C:\Users\amitwalia\.m2\repository\org\json\json\20211205\json-20211205.jar;"/>
    <property name="sun.cpu.endian" value="little"/>
    <property name="user.home" value="C:\Users\amitwalia"/>
    <property name="user.language" value="en"/>
    <property name="java.specification.vendor" value="Oracle Corporation"/>
    <property name="java.version.date" value="2024-01-16"/>
    <property name="java.home" value="C:\Program Files\Java\jdk-21"/>
    <property name="testng.dtd.http" value="true"/>
    <property name="file.separator" value="\"/>
    <property name="basedir" value="D:\demos\hyperexecute\appium01\hyperexecute-appium-testng"/>
    <property name="java.vm.compressedOopsMode" value="Zero based"/>
    <property name="line.separator" value="&#10;"/>
    <property name="java.vm.specification.vendor" value="Oracle Corporation"/>
    <property name="java.specification.name" value="Java Platform API Specification"/>
    <property name="surefire.real.class.path" value="C:\Users\amitwalia\AppData\Local\Temp\surefire17566848953718343410\surefirebooter17968671750715014969.jar"/>
    <property name="user.script" value=""/>
    <property name="sun.management.compiler" value="HotSpot 64-Bit Tiered Compilers"/>
    <property name="java.runtime.version" value="21.0.2+13-LTS-58"/>
    <property name="user.name" value="amitwalia"/>
    <property name="stdout.encoding" value="Cp1252"/>
    <property name="path.separator" value=";"/>
    <property name="os.version" value="10.0"/>
    <property name="java.runtime.name" value="Java(TM) SE Runtime Environment"/>
    <property name="file.encoding" value="UTF-8"/>
    <property name="java.vm.name" value="Java HotSpot(TM) 64-Bit Server VM"/>
    <property name="localRepository" value="C:\Users\amitwalia\.m2\repository"/>
    <property name="java.vendor.url.bug" value="https://bugreport.java.com/bugreport/"/>
    <property name="java.io.tmpdir" value="C:\Users\AMITWA~1\AppData\Local\Temp\"/>
    <property name="java.version" value="21.0.2"/>
    <property name="user.dir" value="D:\demos\hyperexecute\appium01\hyperexecute-appium-testng"/>
    <property name="os.arch" value="amd64"/>
    <property name="java.vm.specification.name" value="Java Virtual Machine Specification"/>
    <property name="sun.os.patch.level" value=""/>
    <property name="native.encoding" value="Cp1252"/>
    <property name="java.library.path" value="C:\Program Files\Java\jdk-21\bin;C:\WINDOWS\Sun\Java\bin;C:\WINDOWS\system32;C:\WINDOWS;C:\Program Files\Git\mingw64\bin;C:\Program Files\Git\usr\bin;C:\Users\amitwalia\bin;C:\Program Files\Common Files\Oracle\Java\javapath;C:\WINDOWS\system32;C:\WINDOWS;C:\WINDOWS\System32\Wbem;C:\WINDOWS\System32\WindowsPowerShell\v1.0;C:\WINDOWS\System32\OpenSSH;C:\Program Files\nodejs;C:\apache-maven-3.9.6\bin;C:\Program Files\dotnet;C:\Program Files\GitHub CLI;C:\Users\amitwalia\AppData\Local\Android\Sdk\platform-tools;C:\Users\amitwalia\AppData\Local\Android\Sdk\cmdline-tools\latest\bin;C:\Users\amitwalia\AppData\Local\Pub\Cache\bin;C:\ProgramData\chocolatey\bin;C:\Program Files\Git\cmd;C:\Users\amitwalia\dev\flutter\bin;C:\Users\amitwalia\AppData\Local\Pub\Cache\bin;C:\Users\amitwalia\AppData\Local\Programs\Python\Python312\Scripts;C:\Users\amitwalia\AppData\Local\Programs\Python\Python312;C:\Users\amitwalia\AppData\Local\Microsoft\WindowsApps;C:\Program Files\JetBrains\IntelliJ IDEA Community Edition 2024.1.1\bin;C:\Users\amitwalia\AppData\Local\Programs\Microsoft VS Code\bin;C:\Users\amitwalia\AppData\Roaming\npm;C:\Users\amitwalia\AppData\Local\GitHubDesktop\bin;C:\Users\amitwalia\AppData\Local\Android\Sdk\cmdline-tools\bin;C:\Users\amitwalia\AppData\Local\Pub\Cache\bin;C:\Program Files\OpenSSL-Win64\bin;."/>
    <property name="java.vm.info" value="mixed mode, sharing"/>
    <property name="stderr.encoding" value="Cp1252"/>
    <property name="java.vendor" value="Oracle Corporation"/>
    <property name="java.vm.version" value="21.0.2+13-LTS-58"/>
    <property name="sun.io.unicode.encoding" value="UnicodeLittle"/>
    <property name="java.class.version" value="65.0"/>
  </properties>
  <testcase name="testNotificationAndGeoLocation" classname="TestNotificationAndGeoLocation" time="1.277">
    <failure message="Test testNotificationAndGeoLocation failed: The element &apos;By.id: com.lambdatest.proverbial:id/notification&apos; does not exist in DOM anymore&#10;For documentation on this error, please visit: https://www.seleniumhq.org/exceptions/stale_element_reference.html&#10;Build info: version: &apos;3.141.59&apos;, revision: &apos;e82be7d358&apos;, time: &apos;2018-11-14T08:17:03&apos;&#10;System info: host: &apos;LT-LP-227&apos;, ip: &apos;192.168.29.232&apos;, os.name: &apos;Windows 11&apos;, os.arch: &apos;amd64&apos;, os.version: &apos;10.0&apos;, java.version: &apos;21.0.2&apos;&#10;Driver info: io.appium.java_client.AppiumDriver&#10;Capabilities {adbExecTimeout: 120000, appActivity: com.lambdatest.proverbial.M..., appPackage: com.lambdatest.proverbial, autoAcceptAlerts: true, automationName: uiautomator2, chromeOptions: {args: []}, chromedriverExecutableDir: /appium/assets/drivers/chro..., chromedriverPorts: [[11001, 11049]], databaseEnabled: false, desired: {adbExecTimeout: 120000, appActivity: com.lambdatest.proverbial.M..., appPackage: com.lambdatest.proverbial, autoAcceptAlerts: true, automationName: uiautomator2, chromeOptions: {args: []}, chromedriverExecutableDir: /appium/assets/drivers/chro..., chromedriverPorts: [[11001, 11049]], deviceName: Galaxy S23+, headless: false, mode: cloud, nativeWebScreenshot: true, newCommandTimeout: 0, orientation: PORTRAIT, platformName: android, platformVersion: 13, skipLogcatCapture: true, systemPort: 12154, udid: RZCW20S8H4N, uiautomator2ServerLaunchTimeout: 60000, waitForQuiescence: false}, deviceApiLevel: 33, deviceManufacturer: samsung, deviceModel: SM-S916B, deviceName: RZCW20S8H4N, deviceScreenDensity: 450, deviceScreenSize: 1080x2340, deviceUDID: RZCW20S8H4N, headless: false, javascriptEnabled: true, locationContextEnabled: false, mode: cloud, nativeWebScreenshot: true, networkConnectionEnabled: true, newCommandTimeout: 0, orientation: PORTRAIT, pixelRatio: 2.8125, platform: LINUX, platformName: Android, platformVersion: 13, skipLogcatCapture: true, statBarHeight: 74, systemPort: 12154, takesScreenshot: true, udid: RZCW20S8H4N, uiautomator2ServerLaunchTimeout: 60000, viewportRect: {height: 2057, left: 0, top: 74, width: 1080}, waitForQuiescence: false, warnings: {}, webStorageEnabled: false}&#10;Session ID: 31a09cbe-391f-43e1-b579-1f9d788697d9" type="java.lang.RuntimeException"><![CDATA[java.lang.RuntimeException: 
Test testNotificationAndGeoLocation failed: The element 'By.id: com.lambdatest.proverbial:id/notification' does not exist in DOM anymore
For documentation on this error, please visit: https://www.seleniumhq.org/exceptions/stale_element_reference.html
Build info: version: '3.141.59', revision: 'e82be7d358', time: '2018-11-14T08:17:03'
System info: host: 'LT-LP-227', ip: '192.168.29.232', os.name: 'Windows 11', os.arch: 'amd64', os.version: '10.0', java.version: '21.0.2'
Driver info: io.appium.java_client.AppiumDriver
Capabilities {adbExecTimeout: 120000, appActivity: com.lambdatest.proverbial.M..., appPackage: com.lambdatest.proverbial, autoAcceptAlerts: true, automationName: uiautomator2, chromeOptions: {args: []}, chromedriverExecutableDir: /appium/assets/drivers/chro..., chromedriverPorts: [[11001, 11049]], databaseEnabled: false, desired: {adbExecTimeout: 120000, appActivity: com.lambdatest.proverbial.M..., appPackage: com.lambdatest.proverbial, autoAcceptAlerts: true, automationName: uiautomator2, chromeOptions: {args: []}, chromedriverExecutableDir: /appium/assets/drivers/chro..., chromedriverPorts: [[11001, 11049]], deviceName: Galaxy S23+, headless: false, mode: cloud, nativeWebScreenshot: true, newCommandTimeout: 0, orientation: PORTRAIT, platformName: android, platformVersion: 13, skipLogcatCapture: true, systemPort: 12154, udid: RZCW20S8H4N, uiautomator2ServerLaunchTimeout: 60000, waitForQuiescence: false}, deviceApiLevel: 33, deviceManufacturer: samsung, deviceModel: SM-S916B, deviceName: RZCW20S8H4N, deviceScreenDensity: 450, deviceScreenSize: 1080x2340, deviceUDID: RZCW20S8H4N, headless: false, javascriptEnabled: true, locationContextEnabled: false, mode: cloud, nativeWebScreenshot: true, networkConnectionEnabled: true, newCommandTimeout: 0, orientation: PORTRAIT, pixelRatio: 2.8125, platform: LINUX, platformName: Android, platformVersion: 13, skipLogcatCapture: true, statBarHeight: 74, systemPort: 12154, takesScreenshot: true, udid: RZCW20S8H4N, uiautomator2ServerLaunchTimeout: 60000, viewportRect: {height: 2057, left: 0, top: 74, width: 1080}, waitForQuiescence: false, warnings: {}, webStorageEnabled: false}
Session ID: 31a09cbe-391f-43e1-b579-1f9d788697d9
	at TestNotificationAndGeoLocation.testNotificationAndGeoLocation(TestNotificationAndGeoLocation.java:51)
Caused by: org.openqa.selenium.StaleElementReferenceException: 
The element 'By.id: com.lambdatest.proverbial:id/notification' does not exist in DOM anymore
For documentation on this error, please visit: https://www.seleniumhq.org/exceptions/stale_element_reference.html
Build info: version: '3.141.59', revision: 'e82be7d358', time: '2018-11-14T08:17:03'
System info: host: 'LT-LP-227', ip: '192.168.29.232', os.name: 'Windows 11', os.arch: 'amd64', os.version: '10.0', java.version: '21.0.2'
Driver info: io.appium.java_client.AppiumDriver
Capabilities {adbExecTimeout: 120000, appActivity: com.lambdatest.proverbial.M..., appPackage: com.lambdatest.proverbial, autoAcceptAlerts: true, automationName: uiautomator2, chromeOptions: {args: []}, chromedriverExecutableDir: /appium/assets/drivers/chro..., chromedriverPorts: [[11001, 11049]], databaseEnabled: false, desired: {adbExecTimeout: 120000, appActivity: com.lambdatest.proverbial.M..., appPackage: com.lambdatest.proverbial, autoAcceptAlerts: true, automationName: uiautomator2, chromeOptions: {args: []}, chromedriverExecutableDir: /appium/assets/drivers/chro..., chromedriverPorts: [[11001, 11049]], deviceName: Galaxy S23+, headless: false, mode: cloud, nativeWebScreenshot: true, newCommandTimeout: 0, orientation: PORTRAIT, platformName: android, platformVersion: 13, skipLogcatCapture: true, systemPort: 12154, udid: RZCW20S8H4N, uiautomator2ServerLaunchTimeout: 60000, waitForQuiescence: false}, deviceApiLevel: 33, deviceManufacturer: samsung, deviceModel: SM-S916B, deviceName: RZCW20S8H4N, deviceScreenDensity: 450, deviceScreenSize: 1080x2340, deviceUDID: RZCW20S8H4N, headless: false, javascriptEnabled: true, locationContextEnabled: false, mode: cloud, nativeWebScreenshot: true, networkConnectionEnabled: true, newCommandTimeout: 0, orientation: PORTRAIT, pixelRatio: 2.8125, platform: LINUX, platformName: Android, platformVersion: 13, skipLogcatCapture: true, statBarHeight: 74, systemPort: 12154, takesScreenshot: true, udid: RZCW20S8H4N, uiautomator2ServerLaunchTimeout: 60000, viewportRect: {height: 2057, left: 0, top: 74, width: 1080}, waitForQuiescence: false, warnings: {}, webStorageEnabled: false}
Session ID: 31a09cbe-391f-43e1-b579-1f9d788697d9
	at TestNotificationAndGeoLocation.testNotificationAndGeoLocation(TestNotificationAndGeoLocation.java:47)
]]></failure>
    <system-err><![CDATA[Dec 12, 2024 1:25:01 PM io.appium.java_client.remote.AppiumCommandExecutor$1 lambda$0
INFO: Detected dialect: W3C
Dec 12, 2024 1:25:01 PM io.appium.java_client.remote.AppiumCommandExecutor$1 lambda$0
INFO: Detected dialect: W3C
Dec 12, 2024 1:25:04 PM io.appium.java_client.remote.AppiumCommandExecutor$1 lambda$0
INFO: Detected dialect: W3C
]]></system-err>
  </testcase>
  <testcase name="testTextAndToast" classname="TestTextAndToast" time="1.529"/>
  <testcase name="testChangeColor" classname="TestChangeColor" time="3.679"/>
</testsuite>