<?xml version="1.0" encoding="UTF-8"?>
<!-- Generated by org.testng.reporters.JUnitReportReporter -->
<testsuite hostname="LT-LP-227" failures="0" tests="1" name="TestChangeColor" time="3.682" errors="0" timestamp="2024-12-12T13:25:07 IST" skipped="0">
  <testcase classname="TestChangeColor" name="testChangeColor" time="3.682"/>
  <system-out/>
</testsuite> <!-- TestChangeColor -->
