<?xml version="1.0" encoding="UTF-8"?>
<!-- Generated by org.testng.reporters.JUnitReportReporter -->
<testsuite hostname="LT-LP-227" failures="0" tests="1" name="TestTextAndToast" time="3.986" errors="0" timestamp="2024-12-12T13:25:07 IST" skipped="0">
  <testcase classname="TestTextAndToast" name="testTextAndToast" time="3.986"/>
  <system-out/>
</testsuite> <!-- TestTextAndToast -->
